#
# A fatal error has been detected by the Java Runtime Environment:
#
#  EXCEPTION_ACCESS_VIOLATION (0xc0000005) at pc=0x00007ffaee9a3004, pid=28120, tid=9324
#
# JRE version: Java(TM) SE Runtime Environment (24.0.1+9) (build 24.0.1+9-30)
# Java VM: Java HotSpot(TM) 64-Bit Server VM (24.0.1+9-30, mixed mode, emulated-client, sharing, tiered, compressed oops, compressed class ptrs, g1 gc, windows-amd64)
# Problematic frame:
# C  [libasyncProfiler.dll+0x93004]
#
# No core dump will be written. Minidumps are not enabled by default on client versions of Windows
#
# JFR recording file will be written. Location: C:\Users\maxma\IdeaProjects\Internship application\hs_err_pid28120.jfr
#
# If you would like to submit a bug report, please visit:
#   https://bugreport.java.com/bugreport/crash.jsp
# The crash happened outside the Java Virtual Machine in native code.
# See problematic frame for where to report the bug.
#

---------------  S U M M A R Y ------------

Command Line: --enable-native-access=ALL-UNNAMED -XX:TieredStopAtLevel=1 -Dspring.output.ansi.enabled=always -Dcom.sun.management.jmxremote -Dspring.jmx.enabled=true -Dspring.liveBeansView.mbeanDomain -Dspring.application.admin.enabled=true -Dmanagement.endpoints.jmx.exposure.include=* -javaagent:F:\IntelliJ IDEA 2024.3.3\lib\idea_rt.jar=53538:F:\IntelliJ IDEA 2024.3.3\bin -agentpath:C:\Users\maxma\AppData\Local\Temp\idea_libasyncProfiler_dll_temp_folder\libasyncProfiler.dll=start,jfr,event=wall,interval=10ms,jfrsync=profile,cstack=no,file=C:\Users\maxma\IdeaSnapshots\InternshipApplication_2025_05_30_105905.jfr,dbghelppath=C:\Users\maxma\AppData\Local\Temp\idea_dbghelp_dll_temp_folder\dbghelp.dll,log=C:\Users\maxma\AppData\Local\Temp\InternshipApplication_2025_05_30_105905.jfr.log.txt,logLevel=DEBUG -Dfile.encoding=UTF-8 -Dsun.stdout.encoding=UTF-8 -Dsun.stderr.encoding=UTF-8 com.example.internshipapplication.InternshipApplication

Host: AMD Ryzen 9 7900X 12-Core Processor            , 24 cores, 31G,  Windows 11 , 64 bit Build 26100 (10.0.26100.3912)
Time: Fri May 30 10:59:06 2025 Västeuropa, sommartid elapsed time: 0.268528 seconds (0d 0h 0m 0s)

---------------  T H R E A D  ---------------

Current thread (0x00000198f8260860):  JavaThread "main"             [_thread_in_native, id=9324, stack(0x0000004593700000,0x0000004593800000) (1024K)]

Stack: [0x0000004593700000,0x0000004593800000],  sp=0x00000045937fea00,  free space=1018k
Native frames: (J=compiled Java code, j=interpreted, Vv=VM code, C=native code)
C  [libasyncProfiler.dll+0x93004]  (no source info available)
C  [libasyncProfiler.dll+0x934db]  (no source info available)
C  [libasyncProfiler.dll+0x92134]  (no source info available)
C  [libasyncProfiler.dll+0x929aa]  (no source info available)
C  [libasyncProfiler.dll+0x8d561]  (no source info available)
C  [libasyncProfiler.dll+0x7ef21]  (no source info available)
C  [libasyncProfiler.dll+0x7dc38]  (no source info available)
C  [libasyncProfiler.dll+0x7db20]  (no source info available)
C  [libasyncProfiler.dll+0x83c3c]  (no source info available)
V  [jvm.dll+0x5e38de]  (no source info available)
V  [jvm.dll+0x886056]  (no source info available)
V  [jvm.dll+0x495f3e]  (no source info available)
V  [jvm.dll+0x497d11]  (no source info available)
C  [jli.dll+0x52a1]  (no source info available)
C  [ucrtbase.dll+0x37b0]  (no source info available)
C  [KERNEL32.DLL+0x2e8d7]  (no source info available)
C  [ntdll.dll+0x9c5dc]  (no source info available)


siginfo: EXCEPTION_ACCESS_VIOLATION (0xc0000005), reading address 0xffffffffffffffff


Registers:
RAX=0x0000000000000010, RBX=0x0000000000000000, RCX=0xffffffffffffffff, RDX=0x007ffaef57301010
RSP=0x00000045937fea00, RBP=0x00000198932829e0, RSI=0x00000045937feb70, RDI=0x00000198932829e0
R8 =0x0000000000000042, R9 =0x000000062b801ed8, R10=0x00007ffaef7e9fb0, R11=0x0000000000000002
R12=0x00000045937feb70, R13=0x00000198f65eca80, R14=0x00000198f8260c28, R15=0x00000198f8260c28
RIP=0x00007ffaee9a3004, EFLAGS=0x0000000000010202

XMM[0]=0x0000000000000000 0x0000000000000000
XMM[1]=0x0000000000000000 0x0000000000000000
XMM[2]=0x0000000000000000 0x0000000000000000
XMM[3]=0x0000000000000000 0x0000000000000000
XMM[4]=0x0000000000000000 0x0000000000000000
XMM[5]=0x0000000000000000 0x0000000000000000
XMM[6]=0x0000000000000000 0x0000000000000000
XMM[7]=0x0000000000000000 0x0000000000000000
XMM[8]=0x0000000000000000 0x0000000000000000
XMM[9]=0x0000000000000000 0x0000000000000000
XMM[10]=0x0000000000000000 0x0000000000000000
XMM[11]=0x0000000000000000 0x0000000000000000
XMM[12]=0x0000000000000000 0x0000000000000000
XMM[13]=0x0000000000000000 0x0000000000000000
XMM[14]=0x0000000000000000 0x0000000000000000
XMM[15]=0x0000000000000000 0x0000000000000000
  MXCSR=0x00001fa0


Register to memory mapping:

RAX=0x0000000000000010 is an unknown value
RBX=0x0 is null
RCX=0xffffffffffffffff is an unknown value
RDX=0x007ffaef57301010 is an unknown value
RSP=0x00000045937fea00 is pointing into the stack for thread: 0x00000198f8260860
RBP=0x00000198932829e0 points into unknown readable memory: 0x000000062b801ed8 | d8 1e 80 2b 06 00 00 00
RSI=0x00000045937feb70 is pointing into the stack for thread: 0x00000198f8260860
RDI=0x00000198932829e0 points into unknown readable memory: 0x000000062b801ed8 | d8 1e 80 2b 06 00 00 00
R8 =0x0000000000000042 is an unknown value
R9 =0x000000062b801ed8 is an oop: java.lang.Thread 
{0x000000062b801ed8} - klass: 'java/lang/Thread' - flags: 

 - ---- fields (total size 14 words):
 - 'threadLocalRandomProbe' 'I' @12  0 (0x00000000)
 - private volatile 'eetop' 'J' @16  1756509898848 (0x00000198f8260860)
 - private final 'tid' 'J' @24  3 (0x0000000000000003)
 - 'threadLocalRandomSeed' 'J' @32  0 (0x0000000000000000)
 - injected 'jvmti_thread_state' 'J' @40  1754811955328 (0x0000019892f17880)
 - 'threadLocalRandomSecondarySeed' 'I' @48  0 (0x00000000)
 - injected 'jvmti_VTMS_transition_disable_count' 'I' @52  0 (0x00000000)
 - injected 'jfr_epoch' 'S' @56  0 (0x0000)
 - volatile 'interrupted' 'Z' @58  false (0x00)
 - injected 'jvmti_is_in_VTMS_transition' 'Z' @59  false (0x00)
 - private volatile 'name' 'Ljava/lang/String;' @60  "main"{0x000000062b801f48} (0xc57003e9)
 - private volatile 'contextClassLoader' 'Ljava/lang/ClassLoader;' @64  a 'jdk/internal/loader/ClassLoaders$AppClassLoader'{0x000000062b826f70} (0xc5704dee)
 - private final 'holder' 'Ljava/lang/Thread$FieldHolder;' @68  a 'java/lang/Thread$FieldHolder'{0x000000062b801f88} (0xc57003f1)
 - 'threadLocals' 'Ljava/lang/ThreadLocal$ThreadLocalMap;' @72  a 'java/lang/ThreadLocal$ThreadLocalMap'{0x000000062b425c28} (0xc5684b85)
 - 'inheritableThreadLocals' 'Ljava/lang/ThreadLocal$ThreadLocalMap;' @76  null (0x00000000)
 - private 'scopedValueBindings' 'Ljava/lang/Object;' @80  a 'java/lang/Class'{0x00000007ffc7c890} = 'java/lang/Thread' (0xfff8f912)
 - final 'interruptLock' 'Ljava/lang/Object;' @84  a 'java/lang/Object'{0x000000062b801f78} (0xc57003ef)
 - private volatile 'parkBlocker' 'Ljava/lang/Object;' @88  null (0x00000000)
 - private 'nioBlocker' 'Lsun/nio/ch/Interruptible;' @92  null (0x00000000)
 - private 'cont' 'Ljdk/internal/vm/Continuation;' @96  null (0x00000000)
 - private volatile 'uncaughtExceptionHandler' 'Ljava/lang/Thread$UncaughtExceptionHandler;' @100  null (0x00000000)
 - private 'container' 'Ljdk/internal/vm/ThreadContainer;' @104  null (0x00000000)
 - private volatile 'headStackableScopes' 'Ljdk/internal/vm/StackableScope;' @108  null (0x00000000)
R10=0x00007ffaef7e9fb0 jvm.dll
R11=0x0000000000000002 is an unknown value
R12=0x00000045937feb70 is pointing into the stack for thread: 0x00000198f8260860
R13=0x00000198f65eca80 points into unknown readable memory: 0x00007ffaef75a510 | 10 a5 75 ef fa 7f 00 00
R14=0x00000198f8260c28 points into unknown readable memory: 0x00007ffaef7517b0 | b0 17 75 ef fa 7f 00 00
R15=0x00000198f8260c28 points into unknown readable memory: 0x00007ffaef7517b0 | b0 17 75 ef fa 7f 00 00

Top of Stack: (sp=0x00000045937fea00)
0x00000045937fea00:   00000045937feb70 00000198932829e0   p...E....)(.....
0x00000045937fea10:   0000000000000000 00000198f8260fb0   ..........&.....
0x00000045937fea20:   000000000000001d 00007ffaee9a34db   .........4......
0x00000045937fea30:   0000000000000000 00000198f8260c28   ........(.&.....
0x00000045937fea40:   00000045937feb01 0000000000000000   ....E...........
0x00000045937fea50:   00000198da185100 00007ffaee9a2134   .Q......4!......
0x00000045937fea60:   0000000000000000 000000000000001d   ................
0x00000045937fea70:   0000000000000000 000000000000001d   ................
0x00000045937fea80:   0000000d00000003 00000198da087ec0   .........~......
0x00000045937fea90:   00000198da185100 00000198da185174   .Q......tQ......
0x00000045937feaa0:   00000198da1851a8 00000198000049b0   .Q.......I......
0x00000045937feab0:   0000000000000000 0000000000000000   ................
0x00000045937feac0:   0000000000000000 00007ffaeefb57d4   .........W......
0x00000045937fead0:   00007ffaeeafae00 0000000000006dd8   .........m......
0x00000045937feae0:   00007ffaeeafae00 00000000ffffffff   ................
0x00000045937feaf0:   0000000000000000 00007ffaee9a29aa   .........)......
0x00000045937feb00:   00000198f8260c28 0000000000000000   (.&.............
0x00000045937feb10:   00000045937feb79 00000198f65eca80   y...E.....^.....
0x00000045937feb20:   00000198000021b4 0000000000000000   .!..............
0x00000045937feb30:   0000000000000000 00007ffbf2159fc9   ................
0x00000045937feb40:   00000198f8260c28 00007ffaeeafae00   (.&.............
0x00000045937feb50:   0000000000000000 00007ffaeea3bc53   ........S.......
0x00000045937feb60:   0000000000000000 00000198f8260c28   ........(.&.....
0x00000045937feb70:   00000198da1e0bb0 00000198da1e0f50   ........P.......
0x00000045937feb80:   00000198da1e0f50 00007ffaeeafae00   P...............
0x00000045937feb90:   00000198f825b578 00000045937fed08   x.%.........E...
0x00000045937feba0:   00000045937fee40 0000000000008840   @...E...@.......
0x00000045937febb0:   00007ffaeeaed080 00007ffaeeafae50   ........P.......
0x00000045937febc0:   0000000000989680 0000000000989680   ................
0x00000045937febd0:   00000045937fece0 00007ffaee99d561   ....E...a.......
0x00000045937febe0:   00007ffaeeafae00 00007ffaeeafae58   ........X.......
0x00000045937febf0:   00007ffa00000000 007cdf2100000001   ............!.|.

Instructions: (pc=0x00007ffaee9a3004)
  0x00007ffaee9a2f04:   cc cc cc cc cc cc cc cc cc cc cc cc cc cc cc cc
  0x00007ffaee9a2f14:   cc cc cc cc cc cc cc cc cc cc cc cc cc cc cc cc
  0x00007ffaee9a2f24:   cc cc cc cc cc cc cc cc cc cc cc cc cc cc cc cc
  0x00007ffaee9a2f34:   cc cc cc cc cc cc cc cc cc cc cc cc cc cc cc cc
  0x00007ffaee9a2f44:   cc cc cc cc cc cc cc cc cc cc cc cc cc cc cc cc
  0x00007ffaee9a2f54:   cc cc cc cc cc cc cc cc cc cc cc cc cc cc cc cc
  0x00007ffaee9a2f64:   cc cc cc cc cc cc cc cc cc cc cc cc cc cc cc cc
  0x00007ffaee9a2f74:   cc cc cc cc cc cc cc cc cc cc cc cc cc cc cc cc
  0x00007ffaee9a2f84:   cc cc cc cc cc cc cc cc cc cc cc cc 40 57 48 83
  0x00007ffaee9a2f94:   ec 20 48 8b f9 48 8b 0d 30 80 15 00 48 85 c9 74
  0x00007ffaee9a2fa4:   20 48 8b 01 48 8d 54 24 38 41 b8 06 00 01 00 4c
  0x00007ffaee9a2fb4:   8b 48 30 41 ff d1 85 c0 75 07 48 8b 4c 24 38 eb
  0x00007ffaee9a2fc4:   02 33 c9 4c 8b 05 0a 81 15 00 48 89 5c 24 30 4d
  0x00007ffaee9a2fd4:   85 c0 74 4a 48 8b 01 48 8b d7 4c 8b 88 28 03 00
  0x00007ffaee9a2fe4:   00 41 ff d1 48 85 c0 74 35 48 63 0d b8 3d 15 00
  0x00007ffaee9a2ff4:   48 8b 14 01 48 85 d2 74 15 48 63 05 bc 3d 15 00
=>0x00007ffaee9a3004:   8b 04 10 48 8b 5c 24 30 48 83 c4 20 5f c3 b8 ff
  0x00007ffaee9a3014:   ff ff ff 48 8b 5c 24 30 48 83 c4 20 5f c3 80 3d
  0x00007ffaee9a3024:   bb 7f 15 00 00 bb ff ff ff ff 74 20 4c 8b 0d 51
  0x00007ffaee9a3034:   7c 15 00 4c 8d 44 24 38 48 8b 0d 35 7c 15 00 48
  0x00007ffaee9a3044:   8b d7 41 ff d1 85 c0 0f 44 5c 24 38 8b c3 48 8b
  0x00007ffaee9a3054:   5c 24 30 48 83 c4 20 5f c3 cc cc cc cc cc cc cc
  0x00007ffaee9a3064:   cc cc cc cc cc cc cc cc cc cc cc cc cc cc cc cc
  0x00007ffaee9a3074:   cc cc cc cc cc cc cc cc cc cc cc cc cc cc cc cc
  0x00007ffaee9a3084:   cc cc cc cc cc cc cc cc cc cc cc cc 48 89 54 24
  0x00007ffaee9a3094:   10 53 55 56 57 41 56 41 57 48 83 ec 28 48 8b f2
  0x00007ffaee9a30a4:   4c 8b f1 48 89 4c 24 78 45 33 ff 44 89 7c 24 68
  0x00007ffaee9a30b4:   c7 44 24 60 01 00 00 00 48 8d 4c 24 68 e8 69 3c
  0x00007ffaee9a30c4:   f7 ff 8b d8 48 8d 4c 24 60 e8 5d 3c f7 ff 8b e8
  0x00007ffaee9a30d4:   49 8b ce e8 33 f3 f6 ff 48 8b f8 90 8b c3 f0 0f
  0x00007ffaee9a30e4:   b1 2f 74 04 f3 90 eb f4 4c 89 3e 4c 89 7e 08 4c
  0x00007ffaee9a30f4:   89 7e 10 49 8b 6e 08 4d 8b 76 10 49 3b ee 0f 84


Stack slot to memory mapping:

stack at sp + 0 slots: 0x00000045937feb70 is pointing into the stack for thread: 0x00000198f8260860
stack at sp + 1 slots: 0x00000198932829e0 points into unknown readable memory: 0x000000062b801ed8 | d8 1e 80 2b 06 00 00 00
stack at sp + 2 slots: 0x0 is null
stack at sp + 3 slots: 0x00000198f8260fb0 points into unknown readable memory: 0x6e616c2e6176616a | 6a 61 76 61 2e 6c 61 6e
stack at sp + 4 slots: 0x000000000000001d is an unknown value
stack at sp + 5 slots: 0x00007ffaee9a34db libasyncProfiler.dll
stack at sp + 6 slots: 0x0 is null
stack at sp + 7 slots: 0x00000198f8260c28 points into unknown readable memory: 0x00007ffaef7517b0 | b0 17 75 ef fa 7f 00 00

Lock stack of current Java thread (top to bottom):


---------------  P R O C E S S  ---------------

Threads class SMR info:
_java_thread_list=0x00000198da0a29e0, length=22, elements={
0x00000198f8260860, 0x0000019892ed4420, 0x0000019892ed8d70, 0x0000019892edd6a0,
0x0000019892ede170, 0x0000019892ee36b0, 0x0000019892ee4e60, 0x0000019892eee8f0,
0x0000019892eb4230, 0x000001989304e5f0, 0x00000198930adaa0, 0x000001989325df70,
0x0000019893957670, 0x000001989395e5d0, 0x00000198da0a92e0, 0x00000198da0aa700,
0x00000198da0abab0, 0x00000198da127320, 0x00000198da1b27a0, 0x00000198da1c2010,
0x00000198da1c7660, 0x00000198da1de720
}

Java Threads: ( => current thread )
=>0x00000198f8260860 JavaThread "main"                              [_thread_in_native, id=9324, stack(0x0000004593700000,0x0000004593800000) (1024K)]
  0x0000019892ed4420 JavaThread "Reference Handler"          daemon [_thread_blocked, id=12160, stack(0x0000004593f00000,0x0000004594000000) (1024K)]
  0x0000019892ed8d70 JavaThread "Finalizer"                  daemon [_thread_blocked, id=2860, stack(0x0000004594000000,0x0000004594100000) (1024K)]
  0x0000019892edd6a0 JavaThread "Signal Dispatcher"          daemon [_thread_blocked, id=15964, stack(0x0000004594100000,0x0000004594200000) (1024K)]
  0x0000019892ede170 JavaThread "Attach Listener"            daemon [_thread_blocked, id=18828, stack(0x0000004594200000,0x0000004594300000) (1024K)]
  0x0000019892ee36b0 JavaThread "Service Thread"             daemon [_thread_blocked, id=28032, stack(0x0000004594300000,0x0000004594400000) (1024K)]
  0x0000019892ee4e60 JavaThread "Monitor Deflation Thread"   daemon [_thread_blocked, id=2616, stack(0x0000004594400000,0x0000004594500000) (1024K)]
  0x0000019892eee8f0 JavaThread "C1 CompilerThread0"         daemon [_thread_blocked, id=2500, stack(0x0000004594500000,0x0000004594600000) (1024K)]
  0x0000019892eb4230 JavaThread "C1 CompilerThread1"         daemon [_thread_blocked, id=30916, stack(0x0000004594600000,0x0000004594700000) (1024K)]
  0x000001989304e5f0 JavaThread "C1 CompilerThread2"         daemon [_thread_blocked, id=30504, stack(0x0000004594700000,0x0000004594800000) (1024K)]
  0x00000198930adaa0 JavaThread "Common-Cleaner"             daemon [_thread_blocked, id=24148, stack(0x0000004594800000,0x0000004594900000) (1024K)]
  0x000001989325df70 JavaThread "Monitor Ctrl-Break"         daemon [_thread_in_native, id=29768, stack(0x0000004594900000,0x0000004594a00000) (1024K)]
  0x0000019893957670 JavaThread "C1 CompilerThread3"         daemon [_thread_blocked, id=13252, stack(0x0000004594a00000,0x0000004594b00000) (1024K)]
  0x000001989395e5d0 JavaThread "JFR Recorder Thread"        daemon [_thread_in_native, id=30368, stack(0x0000004594b00000,0x0000004594c00000) (1024K)]
  0x00000198da0a92e0 JavaThread "C1 CompilerThread4"         daemon [_thread_blocked, id=31328, stack(0x0000004594c00000,0x0000004594d00000) (1024K)]
  0x00000198da0aa700 JavaThread "C1 CompilerThread5"         daemon [_thread_blocked, id=3052, stack(0x0000004594d00000,0x0000004594e00000) (1024K)]
  0x00000198da0abab0 JavaThread "C1 CompilerThread6"         daemon [_thread_blocked, id=29684, stack(0x0000004594e00000,0x0000004594f00000) (1024K)]
  0x00000198da127320 JavaThread "JFR Periodic Tasks"         daemon [_thread_blocked, id=18864, stack(0x0000004594f00000,0x0000004595000000) (1024K)]
  0x00000198da1b27a0 JavaThread "RMI TCP Accept-0"           daemon [_thread_in_native, id=8836, stack(0x0000004595000000,0x0000004595100000) (1024K)]
  0x00000198da1c2010 JavaThread "RMI TCP Connection(1)-192.168.10.151" daemon [_thread_in_native, id=14996, stack(0x0000004595100000,0x0000004595200000) (1024K)]
  0x00000198da1c7660 JavaThread "RMI Scheduler(0)"           daemon [_thread_blocked, id=30852, stack(0x0000004595200000,0x0000004595300000) (1024K)]
  0x00000198da1de720 JavaThread "JMX server connection timeout 42" daemon [_thread_blocked, id=12108, stack(0x0000004595300000,0x0000004595400000) (1024K)]
Total: 22

Other Threads:
  0x0000019892ec0110 VMThread "VM Thread"                           [id=19132, stack(0x0000004593e00000,0x0000004593f00000) (1024K)]
  0x0000019892eb38a0 WatcherThread "VM Periodic Task Thread"        [id=25624, stack(0x0000004593d00000,0x0000004593e00000) (1024K)]
  0x00000198f901d530 WorkerThread "GC Thread#0"                     [id=11804, stack(0x0000004593800000,0x0000004593900000) (1024K)]
  0x00000198f9034b30 ConcurrentGCThread "G1 Main Marker"            [id=31696, stack(0x0000004593900000,0x0000004593a00000) (1024K)]
  0x00000198f9036dc0 WorkerThread "G1 Conc#0"                       [id=31052, stack(0x0000004593a00000,0x0000004593b00000) (1024K)]
  0x0000019892d860e0 ConcurrentGCThread "G1 Refine#0"               [id=4268, stack(0x0000004593b00000,0x0000004593c00000) (1024K)]
  0x0000019892d86620 ConcurrentGCThread "G1 Service"                [id=19668, stack(0x0000004593c00000,0x0000004593d00000) (1024K)]
Total: 7

Threads with active compile tasks:
Total: 0

VM state: not at safepoint (normal execution)

VM Mutex/Monitor currently owned by a thread: None

Heap address: 0x000000060c800000, size: 7992 MB, Compressed Oops mode: Zero based, Oop shift amount: 3

CDS archive(s) mapped at: [0x0000019894000000-0x0000019894d40000-0x0000019894d40000), size 13893632, SharedBaseAddress: 0x0000019894000000, ArchiveRelocationMode: 1.
Compressed class space mapped at: 0x0000019895000000-0x00000198d5000000, reserved size: 1073741824
UseCompressedClassPointers 1, UseCompactObjectHeaders 0
Narrow klass pointer bits 32, Max shift 3
Narrow klass base: 0x0000019894000000, Narrow klass shift: 0
Encoding Range: [0x0000019894000000 - 0x0000019994000000), (4294967296 bytes)
Klass Range:    [0x0000019894000000 - 0x00000198d5000000), (1090519040 bytes)
Klass ID Range:  [8 - 1090519033) (1090519025)

GC Precious Log:
 CardTable entry size: 512
 Card Set container configuration: InlinePtr #cards 4 size 8 Array Of Cards #cards 32 size 80 Howl #buckets 8 coarsen threshold 7372 Howl Bitmap #cards 1024 size 144 coarsen threshold 921 Card regions per heap region 1 cards per card region 8192
 CPUs: 24 total, 24 available
 Memory: 31967M
 Large Page Support: Disabled
 NUMA Support: Disabled
 Compressed Oops: Enabled (Zero based)
 Heap Region Size: 4M
 Heap Min Capacity: 8M
 Heap Initial Capacity: 500M
 Heap Max Capacity: 7992M
 Pre-touch: Disabled
 Parallel Workers: 18
 Concurrent Workers: 5
 Concurrent Refinement Workers: 18
 Periodic GC: Disabled

Heap:
 garbage-first heap   total reserved 8183808K, committed 516096K, used 38004K [0x000000060c800000, 0x0000000800000000)
  region size 4096K, 10 young (40960K), 0 survivors (0K)
 Metaspace       used 6537K, committed 6848K, reserved 1114112K
  class space    used 712K, committed 832K, reserved 1048576K

Heap Regions: E=young(eden), S=young(survivor), O=old, HS=humongous(starts), HC=humongous(continues), CS=collection set, F=free, TAMS=top-at-mark-start, PB=parsable bottom
|   0|0x000000060c800000, 0x000000060c800000, 0x000000060cc00000|  0%| F|  |TAMS 0x000000060c800000| PB 0x000000060c800000| Untracked |  0
|   1|0x000000060cc00000, 0x000000060cc00000, 0x000000060d000000|  0%| F|  |TAMS 0x000000060cc00000| PB 0x000000060cc00000| Untracked |  0
|   2|0x000000060d000000, 0x000000060d000000, 0x000000060d400000|  0%| F|  |TAMS 0x000000060d000000| PB 0x000000060d000000| Untracked |  0
|   3|0x000000060d400000, 0x000000060d400000, 0x000000060d800000|  0%| F|  |TAMS 0x000000060d400000| PB 0x000000060d400000| Untracked |  0
|   4|0x000000060d800000, 0x000000060d800000, 0x000000060dc00000|  0%| F|  |TAMS 0x000000060d800000| PB 0x000000060d800000| Untracked |  0
|   5|0x000000060dc00000, 0x000000060dc00000, 0x000000060e000000|  0%| F|  |TAMS 0x000000060dc00000| PB 0x000000060dc00000| Untracked |  0
|   6|0x000000060e000000, 0x000000060e000000, 0x000000060e400000|  0%| F|  |TAMS 0x000000060e000000| PB 0x000000060e000000| Untracked |  0
|   7|0x000000060e400000, 0x000000060e400000, 0x000000060e800000|  0%| F|  |TAMS 0x000000060e400000| PB 0x000000060e400000| Untracked |  0
|   8|0x000000060e800000, 0x000000060e800000, 0x000000060ec00000|  0%| F|  |TAMS 0x000000060e800000| PB 0x000000060e800000| Untracked |  0
|   9|0x000000060ec00000, 0x000000060ec00000, 0x000000060f000000|  0%| F|  |TAMS 0x000000060ec00000| PB 0x000000060ec00000| Untracked |  0
|  10|0x000000060f000000, 0x000000060f000000, 0x000000060f400000|  0%| F|  |TAMS 0x000000060f000000| PB 0x000000060f000000| Untracked |  0
|  11|0x000000060f400000, 0x000000060f400000, 0x000000060f800000|  0%| F|  |TAMS 0x000000060f400000| PB 0x000000060f400000| Untracked |  0
|  12|0x000000060f800000, 0x000000060f800000, 0x000000060fc00000|  0%| F|  |TAMS 0x000000060f800000| PB 0x000000060f800000| Untracked |  0
|  13|0x000000060fc00000, 0x000000060fc00000, 0x0000000610000000|  0%| F|  |TAMS 0x000000060fc00000| PB 0x000000060fc00000| Untracked |  0
|  14|0x0000000610000000, 0x0000000610000000, 0x0000000610400000|  0%| F|  |TAMS 0x0000000610000000| PB 0x0000000610000000| Untracked |  0
|  15|0x0000000610400000, 0x0000000610400000, 0x0000000610800000|  0%| F|  |TAMS 0x0000000610400000| PB 0x0000000610400000| Untracked |  0
|  16|0x0000000610800000, 0x0000000610800000, 0x0000000610c00000|  0%| F|  |TAMS 0x0000000610800000| PB 0x0000000610800000| Untracked |  0
|  17|0x0000000610c00000, 0x0000000610c00000, 0x0000000611000000|  0%| F|  |TAMS 0x0000000610c00000| PB 0x0000000610c00000| Untracked |  0
|  18|0x0000000611000000, 0x0000000611000000, 0x0000000611400000|  0%| F|  |TAMS 0x0000000611000000| PB 0x0000000611000000| Untracked |  0
|  19|0x0000000611400000, 0x0000000611400000, 0x0000000611800000|  0%| F|  |TAMS 0x0000000611400000| PB 0x0000000611400000| Untracked |  0
|  20|0x0000000611800000, 0x0000000611800000, 0x0000000611c00000|  0%| F|  |TAMS 0x0000000611800000| PB 0x0000000611800000| Untracked |  0
|  21|0x0000000611c00000, 0x0000000611c00000, 0x0000000612000000|  0%| F|  |TAMS 0x0000000611c00000| PB 0x0000000611c00000| Untracked |  0
|  22|0x0000000612000000, 0x0000000612000000, 0x0000000612400000|  0%| F|  |TAMS 0x0000000612000000| PB 0x0000000612000000| Untracked |  0
|  23|0x0000000612400000, 0x0000000612400000, 0x0000000612800000|  0%| F|  |TAMS 0x0000000612400000| PB 0x0000000612400000| Untracked |  0
|  24|0x0000000612800000, 0x0000000612800000, 0x0000000612c00000|  0%| F|  |TAMS 0x0000000612800000| PB 0x0000000612800000| Untracked |  0
|  25|0x0000000612c00000, 0x0000000612c00000, 0x0000000613000000|  0%| F|  |TAMS 0x0000000612c00000| PB 0x0000000612c00000| Untracked |  0
|  26|0x0000000613000000, 0x0000000613000000, 0x0000000613400000|  0%| F|  |TAMS 0x0000000613000000| PB 0x0000000613000000| Untracked |  0
|  27|0x0000000613400000, 0x0000000613400000, 0x0000000613800000|  0%| F|  |TAMS 0x0000000613400000| PB 0x0000000613400000| Untracked |  0
|  28|0x0000000613800000, 0x0000000613800000, 0x0000000613c00000|  0%| F|  |TAMS 0x0000000613800000| PB 0x0000000613800000| Untracked |  0
|  29|0x0000000613c00000, 0x0000000613c00000, 0x0000000614000000|  0%| F|  |TAMS 0x0000000613c00000| PB 0x0000000613c00000| Untracked |  0
|  30|0x0000000614000000, 0x0000000614000000, 0x0000000614400000|  0%| F|  |TAMS 0x0000000614000000| PB 0x0000000614000000| Untracked |  0
|  31|0x0000000614400000, 0x0000000614400000, 0x0000000614800000|  0%| F|  |TAMS 0x0000000614400000| PB 0x0000000614400000| Untracked |  0
|  32|0x0000000614800000, 0x0000000614800000, 0x0000000614c00000|  0%| F|  |TAMS 0x0000000614800000| PB 0x0000000614800000| Untracked |  0
|  33|0x0000000614c00000, 0x0000000614c00000, 0x0000000615000000|  0%| F|  |TAMS 0x0000000614c00000| PB 0x0000000614c00000| Untracked |  0
|  34|0x0000000615000000, 0x0000000615000000, 0x0000000615400000|  0%| F|  |TAMS 0x0000000615000000| PB 0x0000000615000000| Untracked |  0
|  35|0x0000000615400000, 0x0000000615400000, 0x0000000615800000|  0%| F|  |TAMS 0x0000000615400000| PB 0x0000000615400000| Untracked |  0
|  36|0x0000000615800000, 0x0000000615800000, 0x0000000615c00000|  0%| F|  |TAMS 0x0000000615800000| PB 0x0000000615800000| Untracked |  0
|  37|0x0000000615c00000, 0x0000000615c00000, 0x0000000616000000|  0%| F|  |TAMS 0x0000000615c00000| PB 0x0000000615c00000| Untracked |  0
|  38|0x0000000616000000, 0x0000000616000000, 0x0000000616400000|  0%| F|  |TAMS 0x0000000616000000| PB 0x0000000616000000| Untracked |  0
|  39|0x0000000616400000, 0x0000000616400000, 0x0000000616800000|  0%| F|  |TAMS 0x0000000616400000| PB 0x0000000616400000| Untracked |  0
|  40|0x0000000616800000, 0x0000000616800000, 0x0000000616c00000|  0%| F|  |TAMS 0x0000000616800000| PB 0x0000000616800000| Untracked |  0
|  41|0x0000000616c00000, 0x0000000616c00000, 0x0000000617000000|  0%| F|  |TAMS 0x0000000616c00000| PB 0x0000000616c00000| Untracked |  0
|  42|0x0000000617000000, 0x0000000617000000, 0x0000000617400000|  0%| F|  |TAMS 0x0000000617000000| PB 0x0000000617000000| Untracked |  0
|  43|0x0000000617400000, 0x0000000617400000, 0x0000000617800000|  0%| F|  |TAMS 0x0000000617400000| PB 0x0000000617400000| Untracked |  0
|  44|0x0000000617800000, 0x0000000617800000, 0x0000000617c00000|  0%| F|  |TAMS 0x0000000617800000| PB 0x0000000617800000| Untracked |  0
|  45|0x0000000617c00000, 0x0000000617c00000, 0x0000000618000000|  0%| F|  |TAMS 0x0000000617c00000| PB 0x0000000617c00000| Untracked |  0
|  46|0x0000000618000000, 0x0000000618000000, 0x0000000618400000|  0%| F|  |TAMS 0x0000000618000000| PB 0x0000000618000000| Untracked |  0
|  47|0x0000000618400000, 0x0000000618400000, 0x0000000618800000|  0%| F|  |TAMS 0x0000000618400000| PB 0x0000000618400000| Untracked |  0
|  48|0x0000000618800000, 0x0000000618800000, 0x0000000618c00000|  0%| F|  |TAMS 0x0000000618800000| PB 0x0000000618800000| Untracked |  0
|  49|0x0000000618c00000, 0x0000000618c00000, 0x0000000619000000|  0%| F|  |TAMS 0x0000000618c00000| PB 0x0000000618c00000| Untracked |  0
|  50|0x0000000619000000, 0x0000000619000000, 0x0000000619400000|  0%| F|  |TAMS 0x0000000619000000| PB 0x0000000619000000| Untracked |  0
|  51|0x0000000619400000, 0x0000000619400000, 0x0000000619800000|  0%| F|  |TAMS 0x0000000619400000| PB 0x0000000619400000| Untracked |  0
|  52|0x0000000619800000, 0x0000000619800000, 0x0000000619c00000|  0%| F|  |TAMS 0x0000000619800000| PB 0x0000000619800000| Untracked |  0
|  53|0x0000000619c00000, 0x0000000619c00000, 0x000000061a000000|  0%| F|  |TAMS 0x0000000619c00000| PB 0x0000000619c00000| Untracked |  0
|  54|0x000000061a000000, 0x000000061a000000, 0x000000061a400000|  0%| F|  |TAMS 0x000000061a000000| PB 0x000000061a000000| Untracked |  0
|  55|0x000000061a400000, 0x000000061a400000, 0x000000061a800000|  0%| F|  |TAMS 0x000000061a400000| PB 0x000000061a400000| Untracked |  0
|  56|0x000000061a800000, 0x000000061a800000, 0x000000061ac00000|  0%| F|  |TAMS 0x000000061a800000| PB 0x000000061a800000| Untracked |  0
|  57|0x000000061ac00000, 0x000000061ac00000, 0x000000061b000000|  0%| F|  |TAMS 0x000000061ac00000| PB 0x000000061ac00000| Untracked |  0
|  58|0x000000061b000000, 0x000000061b000000, 0x000000061b400000|  0%| F|  |TAMS 0x000000061b000000| PB 0x000000061b000000| Untracked |  0
|  59|0x000000061b400000, 0x000000061b400000, 0x000000061b800000|  0%| F|  |TAMS 0x000000061b400000| PB 0x000000061b400000| Untracked |  0
|  60|0x000000061b800000, 0x000000061b800000, 0x000000061bc00000|  0%| F|  |TAMS 0x000000061b800000| PB 0x000000061b800000| Untracked |  0
|  61|0x000000061bc00000, 0x000000061bc00000, 0x000000061c000000|  0%| F|  |TAMS 0x000000061bc00000| PB 0x000000061bc00000| Untracked |  0
|  62|0x000000061c000000, 0x000000061c000000, 0x000000061c400000|  0%| F|  |TAMS 0x000000061c000000| PB 0x000000061c000000| Untracked |  0
|  63|0x000000061c400000, 0x000000061c400000, 0x000000061c800000|  0%| F|  |TAMS 0x000000061c400000| PB 0x000000061c400000| Untracked |  0
|  64|0x000000061c800000, 0x000000061c800000, 0x000000061cc00000|  0%| F|  |TAMS 0x000000061c800000| PB 0x000000061c800000| Untracked |  0
|  65|0x000000061cc00000, 0x000000061cc00000, 0x000000061d000000|  0%| F|  |TAMS 0x000000061cc00000| PB 0x000000061cc00000| Untracked |  0
|  66|0x000000061d000000, 0x000000061d000000, 0x000000061d400000|  0%| F|  |TAMS 0x000000061d000000| PB 0x000000061d000000| Untracked |  0
|  67|0x000000061d400000, 0x000000061d400000, 0x000000061d800000|  0%| F|  |TAMS 0x000000061d400000| PB 0x000000061d400000| Untracked |  0
|  68|0x000000061d800000, 0x000000061d800000, 0x000000061dc00000|  0%| F|  |TAMS 0x000000061d800000| PB 0x000000061d800000| Untracked |  0
|  69|0x000000061dc00000, 0x000000061dc00000, 0x000000061e000000|  0%| F|  |TAMS 0x000000061dc00000| PB 0x000000061dc00000| Untracked |  0
|  70|0x000000061e000000, 0x000000061e000000, 0x000000061e400000|  0%| F|  |TAMS 0x000000061e000000| PB 0x000000061e000000| Untracked |  0
|  71|0x000000061e400000, 0x000000061e400000, 0x000000061e800000|  0%| F|  |TAMS 0x000000061e400000| PB 0x000000061e400000| Untracked |  0
|  72|0x000000061e800000, 0x000000061e800000, 0x000000061ec00000|  0%| F|  |TAMS 0x000000061e800000| PB 0x000000061e800000| Untracked |  0
|  73|0x000000061ec00000, 0x000000061ec00000, 0x000000061f000000|  0%| F|  |TAMS 0x000000061ec00000| PB 0x000000061ec00000| Untracked |  0
|  74|0x000000061f000000, 0x000000061f000000, 0x000000061f400000|  0%| F|  |TAMS 0x000000061f000000| PB 0x000000061f000000| Untracked |  0
|  75|0x000000061f400000, 0x000000061f400000, 0x000000061f800000|  0%| F|  |TAMS 0x000000061f400000| PB 0x000000061f400000| Untracked |  0
|  76|0x000000061f800000, 0x000000061f800000, 0x000000061fc00000|  0%| F|  |TAMS 0x000000061f800000| PB 0x000000061f800000| Untracked |  0
|  77|0x000000061fc00000, 0x000000061fc00000, 0x0000000620000000|  0%| F|  |TAMS 0x000000061fc00000| PB 0x000000061fc00000| Untracked |  0
|  78|0x0000000620000000, 0x0000000620000000, 0x0000000620400000|  0%| F|  |TAMS 0x0000000620000000| PB 0x0000000620000000| Untracked |  0
|  79|0x0000000620400000, 0x0000000620400000, 0x0000000620800000|  0%| F|  |TAMS 0x0000000620400000| PB 0x0000000620400000| Untracked |  0
|  80|0x0000000620800000, 0x0000000620800000, 0x0000000620c00000|  0%| F|  |TAMS 0x0000000620800000| PB 0x0000000620800000| Untracked |  0
|  81|0x0000000620c00000, 0x0000000620c00000, 0x0000000621000000|  0%| F|  |TAMS 0x0000000620c00000| PB 0x0000000620c00000| Untracked |  0
|  82|0x0000000621000000, 0x0000000621000000, 0x0000000621400000|  0%| F|  |TAMS 0x0000000621000000| PB 0x0000000621000000| Untracked |  0
|  83|0x0000000621400000, 0x0000000621400000, 0x0000000621800000|  0%| F|  |TAMS 0x0000000621400000| PB 0x0000000621400000| Untracked |  0
|  84|0x0000000621800000, 0x0000000621800000, 0x0000000621c00000|  0%| F|  |TAMS 0x0000000621800000| PB 0x0000000621800000| Untracked |  0
|  85|0x0000000621c00000, 0x0000000621c00000, 0x0000000622000000|  0%| F|  |TAMS 0x0000000621c00000| PB 0x0000000621c00000| Untracked |  0
|  86|0x0000000622000000, 0x0000000622000000, 0x0000000622400000|  0%| F|  |TAMS 0x0000000622000000| PB 0x0000000622000000| Untracked |  0
|  87|0x0000000622400000, 0x0000000622400000, 0x0000000622800000|  0%| F|  |TAMS 0x0000000622400000| PB 0x0000000622400000| Untracked |  0
|  88|0x0000000622800000, 0x0000000622800000, 0x0000000622c00000|  0%| F|  |TAMS 0x0000000622800000| PB 0x0000000622800000| Untracked |  0
|  89|0x0000000622c00000, 0x0000000622c00000, 0x0000000623000000|  0%| F|  |TAMS 0x0000000622c00000| PB 0x0000000622c00000| Untracked |  0
|  90|0x0000000623000000, 0x0000000623000000, 0x0000000623400000|  0%| F|  |TAMS 0x0000000623000000| PB 0x0000000623000000| Untracked |  0
|  91|0x0000000623400000, 0x0000000623400000, 0x0000000623800000|  0%| F|  |TAMS 0x0000000623400000| PB 0x0000000623400000| Untracked |  0
|  92|0x0000000623800000, 0x0000000623800000, 0x0000000623c00000|  0%| F|  |TAMS 0x0000000623800000| PB 0x0000000623800000| Untracked |  0
|  93|0x0000000623c00000, 0x0000000623c00000, 0x0000000624000000|  0%| F|  |TAMS 0x0000000623c00000| PB 0x0000000623c00000| Untracked |  0
|  94|0x0000000624000000, 0x0000000624000000, 0x0000000624400000|  0%| F|  |TAMS 0x0000000624000000| PB 0x0000000624000000| Untracked |  0
|  95|0x0000000624400000, 0x0000000624400000, 0x0000000624800000|  0%| F|  |TAMS 0x0000000624400000| PB 0x0000000624400000| Untracked |  0
|  96|0x0000000624800000, 0x0000000624800000, 0x0000000624c00000|  0%| F|  |TAMS 0x0000000624800000| PB 0x0000000624800000| Untracked |  0
|  97|0x0000000624c00000, 0x0000000624c00000, 0x0000000625000000|  0%| F|  |TAMS 0x0000000624c00000| PB 0x0000000624c00000| Untracked |  0
|  98|0x0000000625000000, 0x0000000625000000, 0x0000000625400000|  0%| F|  |TAMS 0x0000000625000000| PB 0x0000000625000000| Untracked |  0
|  99|0x0000000625400000, 0x0000000625400000, 0x0000000625800000|  0%| F|  |TAMS 0x0000000625400000| PB 0x0000000625400000| Untracked |  0
| 100|0x0000000625800000, 0x0000000625800000, 0x0000000625c00000|  0%| F|  |TAMS 0x0000000625800000| PB 0x0000000625800000| Untracked |  0
| 101|0x0000000625c00000, 0x0000000625c00000, 0x0000000626000000|  0%| F|  |TAMS 0x0000000625c00000| PB 0x0000000625c00000| Untracked |  0
| 102|0x0000000626000000, 0x0000000626000000, 0x0000000626400000|  0%| F|  |TAMS 0x0000000626000000| PB 0x0000000626000000| Untracked |  0
| 103|0x0000000626400000, 0x0000000626400000, 0x0000000626800000|  0%| F|  |TAMS 0x0000000626400000| PB 0x0000000626400000| Untracked |  0
| 104|0x0000000626800000, 0x0000000626800000, 0x0000000626c00000|  0%| F|  |TAMS 0x0000000626800000| PB 0x0000000626800000| Untracked |  0
| 105|0x0000000626c00000, 0x0000000626c00000, 0x0000000627000000|  0%| F|  |TAMS 0x0000000626c00000| PB 0x0000000626c00000| Untracked |  0
| 106|0x0000000627000000, 0x0000000627000000, 0x0000000627400000|  0%| F|  |TAMS 0x0000000627000000| PB 0x0000000627000000| Untracked |  0
| 107|0x0000000627400000, 0x0000000627400000, 0x0000000627800000|  0%| F|  |TAMS 0x0000000627400000| PB 0x0000000627400000| Untracked |  0
| 108|0x0000000627800000, 0x0000000627800000, 0x0000000627c00000|  0%| F|  |TAMS 0x0000000627800000| PB 0x0000000627800000| Untracked |  0
| 109|0x0000000627c00000, 0x0000000627c00000, 0x0000000628000000|  0%| F|  |TAMS 0x0000000627c00000| PB 0x0000000627c00000| Untracked |  0
| 110|0x0000000628000000, 0x0000000628000000, 0x0000000628400000|  0%| F|  |TAMS 0x0000000628000000| PB 0x0000000628000000| Untracked |  0
| 111|0x0000000628400000, 0x0000000628400000, 0x0000000628800000|  0%| F|  |TAMS 0x0000000628400000| PB 0x0000000628400000| Untracked |  0
| 112|0x0000000628800000, 0x0000000628800000, 0x0000000628c00000|  0%| F|  |TAMS 0x0000000628800000| PB 0x0000000628800000| Untracked |  0
| 113|0x0000000628c00000, 0x0000000628c00000, 0x0000000629000000|  0%| F|  |TAMS 0x0000000628c00000| PB 0x0000000628c00000| Untracked |  0
| 114|0x0000000629000000, 0x0000000629000000, 0x0000000629400000|  0%| F|  |TAMS 0x0000000629000000| PB 0x0000000629000000| Untracked |  0
| 115|0x0000000629400000, 0x00000006294f9c38, 0x0000000629800000| 24%| E|  |TAMS 0x0000000629400000| PB 0x0000000629400000| Complete |  0
| 116|0x0000000629800000, 0x0000000629c00000, 0x0000000629c00000|100%| E|CS|TAMS 0x0000000629800000| PB 0x0000000629800000| Complete |  0
| 117|0x0000000629c00000, 0x000000062a000000, 0x000000062a000000|100%| E|CS|TAMS 0x0000000629c00000| PB 0x0000000629c00000| Complete |  0
| 118|0x000000062a000000, 0x000000062a400000, 0x000000062a400000|100%| E|CS|TAMS 0x000000062a000000| PB 0x000000062a000000| Complete |  0
| 119|0x000000062a400000, 0x000000062a800000, 0x000000062a800000|100%| E|CS|TAMS 0x000000062a400000| PB 0x000000062a400000| Complete |  0
| 120|0x000000062a800000, 0x000000062ac00000, 0x000000062ac00000|100%| E|CS|TAMS 0x000000062a800000| PB 0x000000062a800000| Complete |  0
| 121|0x000000062ac00000, 0x000000062b000000, 0x000000062b000000|100%| E|CS|TAMS 0x000000062ac00000| PB 0x000000062ac00000| Complete |  0
| 122|0x000000062b000000, 0x000000062b400000, 0x000000062b400000|100%| E|CS|TAMS 0x000000062b000000| PB 0x000000062b000000| Complete |  0
| 123|0x000000062b400000, 0x000000062b800000, 0x000000062b800000|100%| E|CS|TAMS 0x000000062b400000| PB 0x000000062b400000| Complete |  0
| 124|0x000000062b800000, 0x000000062bc00000, 0x000000062bc00000|100%| E|CS|TAMS 0x000000062b800000| PB 0x000000062b800000| Complete |  0
|1997|0x00000007ffc00000, 0x00000007ffd1d1c0, 0x0000000800000000| 27%| O|  |TAMS 0x00000007ffc00000| PB 0x00000007ffc00000| Untracked |  0

Card table byte_map: [0x00000198fe440000,0x00000198ff3e0000] _byte_map_base: 0x00000198fb3dc000

Marking Bits: (CMBitMap*) 0x00000198f901db50
 Bits: [0x00000198887e0000, 0x00000198904c0000)

Polling page: 0x00000198f8310000

Metaspace:

Usage:
  Non-class:      5.69 MB used.
      Class:    712.48 KB used.
       Both:      6.38 MB used.

Virtual space:
  Non-class space:       64.00 MB reserved,       5.88 MB (  9%) committed,  1 nodes.
      Class space:        1.00 GB reserved,     832.00 KB ( <1%) committed,  1 nodes.
             Both:        1.06 GB reserved,       6.69 MB ( <1%) committed. 

Chunk freelists:
   Non-Class:  10.06 MB
       Class:  15.20 MB
        Both:  25.26 MB

MaxMetaspaceSize: unlimited
CompressedClassSpaceSize: 1.00 GB
Initial GC threshold: 21.00 MB
Current GC threshold: 21.00 MB
CDS: on
 - commit_granule_bytes: 65536.
 - commit_granule_words: 8192.
 - virtual_space_node_default_size: 8388608.
 - enlarge_chunks_in_place: 1.
UseCompressedClassPointers 1, UseCompactObjectHeaders 0
Narrow klass pointer bits 32, Max shift 3
Narrow klass base: 0x0000019894000000, Narrow klass shift: 0
Encoding Range: [0x0000019894000000 - 0x0000019994000000), (4294967296 bytes)
Klass Range:    [0x0000019894000000 - 0x00000198d5000000), (1090519040 bytes)
Klass ID Range:  [8 - 1090519033) (1090519025)


Internal statistics:

num_allocs_failed_limit: 0.
num_arena_births: 176.
num_arena_deaths: 0.
num_vsnodes_births: 2.
num_vsnodes_deaths: 0.
num_space_committed: 107.
num_space_uncommitted: 0.
num_chunks_returned_to_freelist: 0.
num_chunks_taken_from_freelist: 239.
num_chunk_merges: 0.
num_chunk_splits: 133.
num_chunks_enlarged: 40.
num_inconsistent_stats: 0.

CodeCache: size=49152Kb used=6821Kb max_used=6821Kb free=42330Kb
 bounds [0x00000198f9110000, 0x00000198f97c0000, 0x00000198fc110000]
 total_blobs=2381, nmethods=1897, adapters=404, full_count=0
Compilation: enabled, stopped_count=0, restarted_count=0

Compilation events (20 events):
Event: 0.262 Thread 0x0000019892eb4230 nmethod 1831 0x00000198f97a4c08 code [0x00000198f97a4d20, 0x00000198f97a4e60]
Event: 0.262 Thread 0x00000198da0a92e0 nmethod 1833 0x00000198f97a4f08 code [0x00000198f97a5020, 0x00000198f97a5218]
Event: 0.262 Thread 0x00000198da0abab0 nmethod 1832 0x00000198f97a5b88 code [0x00000198f97a5d80, 0x00000198f97a6778]
Event: 0.262 Thread 0x0000019892eb4230 1839       1       jdk.internal.misc.Unsafe::shouldBeInitialized (18 bytes)
Event: 0.263 Thread 0x0000019892eb4230 nmethod 1839 0x00000198f97a6b08 code [0x00000198f97a6c20, 0x00000198f97a6db8]
Event: 0.264 Thread 0x00000198da0abab0 1840       1       java.io.ObjectStreamClass::requireInitialized (19 bytes)
Event: 0.264 Thread 0x0000019892eb4230 1841       1       java.lang.invoke.MemberName::isField (8 bytes)
Event: 0.264 Thread 0x00000198da0abab0 nmethod 1840 0x00000198f97a6e08 code [0x00000198f97a6f20, 0x00000198f97a7088]
Event: 0.264 Thread 0x0000019893957670 1842       1       java.util.Arrays::equals (43 bytes)
Event: 0.264 Thread 0x0000019892eb4230 nmethod 1841 0x00000198f97a7108 code [0x00000198f97a7200, 0x00000198f97a72e0]
Event: 0.264 Thread 0x00000198da0a92e0 1843       1       java.lang.invoke.DirectMethodHandle::make (275 bytes)
Event: 0.264 Thread 0x0000019893957670 nmethod 1842 0x00000198f97a7708 code [0x00000198f97a7840, 0x00000198f97a79d8]
Event: 0.264 Thread 0x00000198da0a92e0 nmethod 1843 0x00000198f97a8008 code [0x00000198f97a82a0, 0x00000198f97a8f30]
Event: 0.264 Thread 0x0000019892eee8f0 1847   !   1       java.lang.invoke.MemberName::getFieldType (178 bytes)
Event: 0.265 Thread 0x0000019892eee8f0 nmethod 1847 0x00000198f97a8f88 code [0x00000198f97a9140, 0x00000198f97a98f0]
Event: 0.265 Thread 0x00000198da0aa700 1848       1       java.lang.invoke.LambdaForm$Name::<init> (20 bytes)
Event: 0.265 Thread 0x0000019893957670 1849       1       java.lang.invoke.MethodHandleStatics::dumper (4 bytes)
Event: 0.265 Thread 0x0000019893957670 nmethod 1849 0x00000198f97a9e88 code [0x00000198f97a9f80, 0x00000198f97aa030]
Event: 0.266 Thread 0x00000198da0aa700 nmethod 1848 0x00000198f97aa188 code [0x00000198f97aa2e0, 0x00000198f97aa5e0]
Event: 0.266 Thread 0x0000019892eb4230 1850       1       jdk.internal.constant.ConstantUtils::internalNameToDesc (12 bytes)

GC Heap History (0 events):
No events

Dll operation events (11 events):
Event: 0.017 Loaded shared library C:\Program Files\Java\jdk-24\bin\java.dll
Event: 0.061 Loaded shared library C:\Program Files\Java\jdk-24\bin\zip.dll
Event: 0.062 Loaded shared library C:\Program Files\Java\jdk-24\bin\instrument.dll
Event: 0.065 Loaded shared library C:\Program Files\Java\jdk-24\bin\net.dll
Event: 0.066 Loaded shared library C:\Program Files\Java\jdk-24\bin\nio.dll
Event: 0.067 Loaded shared library C:\Program Files\Java\jdk-24\bin\zip.dll
Event: 0.090 Loaded shared library F:\IntelliJ IDEA 2024.3.3\bin\breakgen64.dll
Event: 0.096 Loaded shared library C:\Program Files\Java\jdk-24\bin\extnet.dll
Event: 0.119 Loaded shared library C:\Program Files\Java\jdk-24\bin\jimage.dll
Event: 0.137 Loaded shared library C:\Program Files\Java\jdk-24\bin\management.dll
Event: 0.142 Loaded shared library C:\Program Files\Java\jdk-24\bin\management_ext.dll

Deoptimization events (0 events):
No events

Classes loaded (20 events):
Event: 0.261 Loading class javax/management/remote/JMXConnectionNotification
Event: 0.261 Loading class javax/management/remote/JMXConnectionNotification done
Event: 0.261 Loading class sun/rmi/transport/DGCAckHandler
Event: 0.261 Loading class sun/rmi/transport/DGCAckHandler done
Event: 0.261 Loading class sun/rmi/transport/DGCAckHandler$1
Event: 0.261 Loading class sun/rmi/transport/DGCAckHandler$1 done
Event: 0.262 Loading class java/io/UnsupportedEncodingException
Event: 0.263 Loading class java/io/UnsupportedEncodingException done
Event: 0.263 Loading class java/nio/charset/CharacterCodingException
Event: 0.263 Loading class java/nio/charset/CharacterCodingException done
Event: 0.263 Loading class java/util/stream/IntStream
Event: 0.263 Loading class java/util/stream/IntStream done
Event: 0.263 Loading class java/lang/foreign/MemorySegment
Event: 0.263 Loading class java/lang/foreign/MemorySegment done
Event: 0.263 Loading class javax/management/MalformedObjectNameException
Event: 0.263 Loading class javax/management/MalformedObjectNameException done
Event: 0.265 Loading class java/lang/invoke/BoundMethodHandle$Species_LLLL
Event: 0.265 Loading class java/lang/invoke/BoundMethodHandle$Species_LLLL done
Event: 0.266 Loading class java/lang/invoke/BoundMethodHandle$Species_LLLLL
Event: 0.266 Loading class java/lang/invoke/BoundMethodHandle$Species_LLLLL done

Classes unloaded (0 events):
No events

Classes redefined (0 events):
No events

Internal exceptions (20 events):
Event: 0.160 Thread 0x00000198f8260860 Exception <a 'java/lang/NoSuchMethodError'{0x000000062adb4bb8}: 'long java.lang.invoke.DirectMethodHandle$Holder.invokeVirtual(java.lang.Object, java.lang.Object)'> (0x000000062adb4bb8) 
thrown [s\open\src\hotspot\share\interpreter\linkResolver.cpp, line 805]
Event: 0.197 Thread 0x00000198f8260860 Exception <a 'java/lang/NoSuchMethodError'{0x000000062a7bd968}: 'void java.lang.invoke.DirectMethodHandle$Holder.invokeSpecial(java.lang.Object, java.lang.Object, int)'> (0x000000062a7bd968) 
thrown [s\open\src\hotspot\share\interpreter\linkResolver.cpp, line 805]
Event: 0.197 Thread 0x00000198f8260860 Exception <a 'java/lang/NoSuchMethodError'{0x000000062a7c5588}: 'void java.lang.invoke.Invokers$Holder.invokeExact_MT(java.lang.Object, int, java.lang.Object)'> (0x000000062a7c5588) 
thrown [s\open\src\hotspot\share\interpreter\linkResolver.cpp, line 805]
Event: 0.198 Thread 0x00000198f8260860 Exception <a 'java/lang/NoSuchMethodError'{0x000000062a1f85a8}: 'void java.lang.invoke.DirectMethodHandle$Holder.invokeStatic(java.lang.Object, java.lang.Object, int)'> (0x000000062a1f85a8) 
thrown [s\open\src\hotspot\share\interpreter\linkResolver.cpp, line 805]
Event: 0.198 Thread 0x00000198f8260860 Exception <a 'java/lang/NoSuchMethodError'{0x000000062a207698}: 'java.lang.Object java.lang.invoke.DirectMethodHandle$Holder.newInvokeSpecial(java.lang.Object, java.lang.Object, int)'> (0x000000062a207698) 
thrown [s\open\src\hotspot\share\interpreter\linkResolver.cpp, line 805]
Event: 0.199 Thread 0x00000198da127320 Exception <a 'java/lang/NoSuchMethodError'{0x000000062a2e67d8}: 'long java.lang.invoke.DirectMethodHandle$Holder.invokeSpecial(java.lang.Object, java.lang.Object)'> (0x000000062a2e67d8) 
thrown [s\open\src\hotspot\share\interpreter\linkResolver.cpp, line 805]
Event: 0.203 Thread 0x00000198f8260860 Exception <a 'sun/nio/fs/WindowsException'{0x000000062a23b870}> (0x000000062a23b870) 
thrown [s\open\src\hotspot\share\prims\jni.cpp, line 518]
Event: 0.204 Thread 0x00000198f8260860 Exception <a 'sun/nio/fs/WindowsException'{0x000000062a248658}> (0x000000062a248658) 
thrown [s\open\src\hotspot\share\prims\jni.cpp, line 518]
Event: 0.206 Thread 0x00000198f8260860 Exception <a 'sun/nio/fs/WindowsException'{0x000000062a25a448}> (0x000000062a25a448) 
thrown [s\open\src\hotspot\share\prims\jni.cpp, line 518]
Event: 0.222 Thread 0x0000019892ede170 Exception <a 'java/lang/NoSuchMethodError'{0x0000000629e2d770}: 'java.lang.Object java.lang.invoke.DirectMethodHandle$Holder.invokeStaticInit(java.lang.Object, int, int, int, int)'> (0x0000000629e2d770) 
thrown [s\open\src\hotspot\share\interpreter\linkResolver.cpp, line 805]
Event: 0.233 Thread 0x0000019892ede170 Exception <a 'java/lang/NoSuchMethodError'{0x0000000629ffbdf8}: 'java.lang.Object java.lang.invoke.DirectMethodHandle$Holder.invokeStaticInit(java.lang.Object, java.lang.Object, int, int, int, int)'> (0x0000000629ffbdf8) 
thrown [s\open\src\hotspot\share\interpreter\linkResolver.cpp, line 805]
Event: 0.240 Thread 0x0000019892ede170 Exception <a 'java/lang/ClassNotFoundException'{0x0000000629815870}: javax/management/remote/rmi/RMIServerImpl_Skel> (0x0000000629815870) 
thrown [s\open\src\hotspot\share\classfile\systemDictionary.cpp, line 327]
Event: 0.244 Thread 0x0000019892ede170 Exception <a 'java/lang/NoSuchMethodError'{0x0000000629827048}: 'long java.lang.invoke.Invokers$Holder.invokeExact_MT(java.lang.Object, java.lang.Object)'> (0x0000000629827048) 
thrown [s\open\src\hotspot\share\interpreter\linkResolver.cpp, line 805]
Event: 0.257 Thread 0x00000198da1c2010 Exception <a 'java/lang/NoSuchMethodError'{0x0000000629a373e0}: static [B.<clinit>()V> (0x0000000629a373e0) 
thrown [s\open\src\hotspot\share\prims\jni.cpp, line 1108]
Event: 0.257 Thread 0x00000198da1c2010 Exception <a 'java/lang/NoSuchMethodError'{0x0000000629a38d30}: 'java.lang.Object java.lang.invoke.DirectMethodHandle$Holder.invokeInterface(java.lang.Object, java.lang.Object, java.lang.Object)'> (0x0000000629a38d30) 
thrown [s\open\src\hotspot\share\interpreter\linkResolver.cpp, line 805]
Event: 0.260 Thread 0x00000198da1de720 Exception <a 'java/lang/NoSuchMethodError'{0x0000000629be5060}: 'java.lang.Object java.lang.invoke.DirectMethodHandle$Holder.invokeSpecial(java.lang.Object, java.lang.Object, java.lang.Object, java.lang.Object, long)'> (0x0000000629be5060) 
thrown [s\open\src\hotspot\share\interpreter\linkResolver.cpp, line 805]
Event: 0.260 Thread 0x00000198da1de720 Exception <a 'java/lang/NoSuchMethodError'{0x0000000629bf5028}: 'java.lang.Object java.lang.invoke.Invokers$Holder.linkToTargetMethod(java.lang.Object, long, java.lang.Object)'> (0x0000000629bf5028) 
thrown [s\open\src\hotspot\share\interpreter\linkResolver.cpp, line 805]
Event: 0.260 Thread 0x00000198da1c2010 Exception <a 'java/lang/ClassNotFoundException'{0x0000000629a58f68}: javax/management/remote/rmi/RMIConnectionImpl_Skel> (0x0000000629a58f68) 
thrown [s\open\src\hotspot\share\classfile\systemDictionary.cpp, line 327]
Event: 0.262 Thread 0x00000198da1c2010 Exception <a 'java/lang/NoSuchMethodError'{0x0000000629a76a50}: 'java.lang.Object java.lang.invoke.DirectMethodHandle$Holder.invokeInterface(java.lang.Object, java.lang.Object)'> (0x0000000629a76a50) 
thrown [s\open\src\hotspot\share\interpreter\linkResolver.cpp, line 805]
Event: 0.264 Thread 0x00000198da1c2010 Exception <a 'java/lang/NoSuchMethodError'{0x0000000629a9e610}: 'int java.lang.invoke.DelegatingMethodHandle$Holder.reinvoke_L(java.lang.Object, java.lang.Object, java.lang.Object, java.lang.Object, java.lang.Object)'> (0x0000000629a9e610) 
thrown [s\open\src\hotspot\share\interpreter\linkResolver.cpp, line 805]

VM Operations (16 events):
Event: 0.056 Executing VM operation: HandshakeAllThreads (Deoptimize)
Event: 0.056 Executing VM operation: HandshakeAllThreads (Deoptimize) done
Event: 0.123 Executing VM operation: HandshakeAllThreads (Deoptimize)
Event: 0.123 Executing VM operation: HandshakeAllThreads (Deoptimize) done
Event: 0.175 Executing VM operation: HandshakeAllThreads (Deoptimize)
Event: 0.175 Executing VM operation: HandshakeAllThreads (Deoptimize) done
Event: 0.199 Executing VM operation: HandshakeAllThreads (Deoptimize)
Event: 0.199 Executing VM operation: HandshakeAllThreads (Deoptimize) done
Event: 0.202 Executing VM operation: HandshakeAllThreads (Deoptimize)
Event: 0.202 Executing VM operation: HandshakeAllThreads (Deoptimize) done
Event: 0.207 Executing VM operation: HandshakeAllThreads (Deoptimize)
Event: 0.207 Executing VM operation: HandshakeAllThreads (Deoptimize) done
Event: 0.215 Executing VM operation: JFRSafepointClear
Event: 0.215 Executing VM operation: JFRSafepointClear done
Event: 0.260 Executing VM operation: HandshakeAllThreads (Deoptimize)
Event: 0.260 Executing VM operation: HandshakeAllThreads (Deoptimize) done

Memory protections (0 events):
No events

Nmethod flushes (0 events):
No events

Events (20 events):
Event: 0.029 Thread 0x00000198f8260860 Thread added: 0x0000019892ed8d70
Event: 0.029 Thread 0x00000198f8260860 Thread added: 0x0000019892edd6a0
Event: 0.029 Thread 0x00000198f8260860 Thread added: 0x0000019892ede170
Event: 0.029 Thread 0x00000198f8260860 Thread added: 0x0000019892ee36b0
Event: 0.029 Thread 0x00000198f8260860 Thread added: 0x0000019892ee4e60
Event: 0.029 Thread 0x00000198f8260860 Thread added: 0x0000019892eee8f0
Event: 0.047 Thread 0x0000019892eee8f0 Thread added: 0x0000019892eb4230
Event: 0.056 Thread 0x0000019892eee8f0 Thread added: 0x000001989304e5f0
Event: 0.064 Thread 0x00000198f8260860 Thread added: 0x00000198930adaa0
Event: 0.090 Thread 0x00000198f8260860 Thread added: 0x000001989325df70
Event: 0.106 Thread 0x0000019892eb4230 Thread added: 0x0000019893957670
Event: 0.128 Thread 0x00000198f8260860 Thread added: 0x000001989395e5d0
Event: 0.179 Thread 0x0000019892eb4230 Thread added: 0x00000198da0a92e0
Event: 0.179 Thread 0x0000019892eb4230 Thread added: 0x00000198da0aa700
Event: 0.180 Thread 0x0000019892eb4230 Thread added: 0x00000198da0abab0
Event: 0.198 Thread 0x00000198f8260860 Thread added: 0x00000198da127320
Event: 0.242 Thread 0x0000019892ede170 Thread added: 0x00000198da1b27a0
Event: 0.249 Thread 0x00000198da1b27a0 Thread added: 0x00000198da1c2010
Event: 0.256 Thread 0x00000198da1c2010 Thread added: 0x00000198da1c7660
Event: 0.259 Thread 0x00000198da1c2010 Thread added: 0x00000198da1de720


Dynamic libraries:
0x00007ff6e63a0000 - 0x00007ff6e63b0000 	C:\Program Files\Java\jdk-24\bin\java.exe
0x00007ffbf4c60000 - 0x00007ffbf4ec6000 	C:\WINDOWS\SYSTEM32\ntdll.dll
0x00007ffbf3010000 - 0x00007ffbf30d9000 	C:\WINDOWS\System32\KERNEL32.DLL
0x00007ffbf20b0000 - 0x00007ffbf247c000 	C:\WINDOWS\System32\KERNELBASE.dll
0x00007ffbf25b0000 - 0x00007ffbf26fb000 	C:\WINDOWS\System32\ucrtbase.dll
0x00007ffbb78b0000 - 0x00007ffbb78c6000 	C:\Program Files\Java\jdk-24\bin\jli.dll
0x00007ffbaf1a0000 - 0x00007ffbaf1bb000 	C:\Program Files\Java\jdk-24\bin\VCRUNTIME140.dll
0x00007ffbf4960000 - 0x00007ffbf4b2a000 	C:\WINDOWS\System32\USER32.dll
0x00007ffbf2870000 - 0x00007ffbf2897000 	C:\WINDOWS\System32\win32u.dll
0x00007ffbc31a0000 - 0x00007ffbc343a000 	C:\WINDOWS\WinSxS\amd64_microsoft.windows.common-controls_6595b64144ccf1df_6.0.26100.3912_none_3e07963ce335137e\COMCTL32.dll
0x00007ffbf47c0000 - 0x00007ffbf47eb000 	C:\WINDOWS\System32\GDI32.dll
0x00007ffbf44b0000 - 0x00007ffbf4559000 	C:\WINDOWS\System32\msvcrt.dll
0x00007ffbf1df0000 - 0x00007ffbf1f22000 	C:\WINDOWS\System32\gdi32full.dll
0x00007ffbf27c0000 - 0x00007ffbf2863000 	C:\WINDOWS\System32\msvcp_win.dll
0x00007ffbf3fe0000 - 0x00007ffbf4010000 	C:\WINDOWS\System32\IMM32.DLL
0x00007ffbec490000 - 0x00007ffbec49c000 	C:\Program Files\Java\jdk-24\bin\vcruntime140_1.dll
0x00007ffba8a80000 - 0x00007ffba8b0e000 	C:\Program Files\Java\jdk-24\bin\msvcp140.dll
0x00007ffaeeb20000 - 0x00007ffaef8c2000 	C:\Program Files\Java\jdk-24\bin\server\jvm.dll
0x00007ffbf37f0000 - 0x00007ffbf38a2000 	C:\WINDOWS\System32\ADVAPI32.dll
0x00007ffbf2ad0000 - 0x00007ffbf2b76000 	C:\WINDOWS\System32\sechost.dll
0x00007ffbf2de0000 - 0x00007ffbf2ef6000 	C:\WINDOWS\System32\RPCRT4.dll
0x00007ffbf2a30000 - 0x00007ffbf2aa4000 	C:\WINDOWS\System32\WS2_32.dll
0x00007ffbf0a40000 - 0x00007ffbf0a9e000 	C:\WINDOWS\SYSTEM32\POWRPROF.dll
0x00007ffbebe50000 - 0x00007ffbebe5b000 	C:\WINDOWS\SYSTEM32\VERSION.dll
0x00007ffbe6aa0000 - 0x00007ffbe6ad6000 	C:\WINDOWS\SYSTEM32\WINMM.dll
0x00007ffbf0a20000 - 0x00007ffbf0a34000 	C:\WINDOWS\SYSTEM32\UMPDC.dll
0x00007ffbf0cd0000 - 0x00007ffbf0cea000 	C:\WINDOWS\SYSTEM32\kernel.appcore.dll
0x00007ffbb89f0000 - 0x00007ffbb89fa000 	C:\Program Files\Java\jdk-24\bin\jimage.dll
0x00007ffbef4f0000 - 0x00007ffbef731000 	C:\WINDOWS\SYSTEM32\DBGHELP.DLL
0x00007ffbf3460000 - 0x00007ffbf37e4000 	C:\WINDOWS\System32\combase.dll
0x00007ffbf4560000 - 0x00007ffbf4640000 	C:\WINDOWS\System32\OLEAUT32.dll
0x00007ffbe37d0000 - 0x00007ffbe3809000 	C:\WINDOWS\SYSTEM32\dbgcore.DLL
0x00007ffbf2510000 - 0x00007ffbf25a9000 	C:\WINDOWS\System32\bcryptPrimitives.dll
0x00007ffbb2280000 - 0x00007ffbb228f000 	C:\Program Files\Java\jdk-24\bin\instrument.dll
0x00007ffbaf180000 - 0x00007ffbaf19e000 	C:\Program Files\Java\jdk-24\bin\java.dll
0x00007ffbf3260000 - 0x00007ffbf33ff000 	C:\WINDOWS\System32\ole32.dll
0x00007ffbf38b0000 - 0x00007ffbf3fdd000 	C:\WINDOWS\System32\SHELL32.dll
0x00007ffbf28a0000 - 0x00007ffbf2a14000 	C:\WINDOWS\System32\wintypes.dll
0x00007ffaee910000 - 0x00007ffaeeb1e000 	C:\Users\maxma\AppData\Local\Temp\idea_libasyncProfiler_dll_temp_folder\libasyncProfiler.dll
0x00007ffbefac0000 - 0x00007ffbf0316000 	C:\WINDOWS\SYSTEM32\windows.storage.dll
0x00007ffbf4800000 - 0x00007ffbf48ef000 	C:\WINDOWS\System32\SHCORE.dll
0x00007ffbf4b30000 - 0x00007ffbf4b99000 	C:\WINDOWS\System32\shlwapi.dll
0x00007ffbf1d00000 - 0x00007ffbf1d2f000 	C:\WINDOWS\SYSTEM32\profapi.dll
0x00007ffbaf140000 - 0x00007ffbaf157000 	C:\Program Files\Java\jdk-24\bin\zip.dll
0x00007ffbb78a0000 - 0x00007ffbb78b0000 	C:\Program Files\Java\jdk-24\bin\net.dll
0x00007ffbf1240000 - 0x00007ffbf12aa000 	C:\WINDOWS\system32\mswsock.dll
0x00007ffbaf160000 - 0x00007ffbaf176000 	C:\Program Files\Java\jdk-24\bin\nio.dll
0x00007ffba7280000 - 0x00007ffba729a000 	F:\IntelliJ IDEA 2024.3.3\bin\breakgen64.dll
0x00007ffbac050000 - 0x00007ffbac059000 	C:\Program Files\Java\jdk-24\bin\extnet.dll
0x00007ffbf0770000 - 0x00007ffbf0897000 	C:\WINDOWS\SYSTEM32\DNSAPI.dll
0x00007ffbf06d0000 - 0x00007ffbf0703000 	C:\WINDOWS\SYSTEM32\IPHLPAPI.DLL
0x00007ffbf3000000 - 0x00007ffbf300a000 	C:\WINDOWS\System32\NSI.dll
0x00007ffbeba20000 - 0x00007ffbeba2b000 	C:\Windows\System32\rasadhlp.dll
0x00007ffbeac40000 - 0x00007ffbeacc6000 	C:\WINDOWS\System32\fwpuclnt.dll
0x00007ffbaaba0000 - 0x00007ffbaabaa000 	C:\Program Files\Java\jdk-24\bin\management.dll
0x00007ffba8a70000 - 0x00007ffba8a7b000 	C:\Program Files\Java\jdk-24\bin\management_ext.dll
0x00007ffbf30e0000 - 0x00007ffbf30e8000 	C:\WINDOWS\System32\PSAPI.DLL
0x00007ffbf14e0000 - 0x00007ffbf14fc000 	C:\WINDOWS\SYSTEM32\CRYPTSP.dll
0x00007ffbf0c30000 - 0x00007ffbf0c6a000 	C:\WINDOWS\system32\rsaenh.dll
0x00007ffbf12e0000 - 0x00007ffbf130b000 	C:\WINDOWS\SYSTEM32\USERENV.dll
0x00007ffbf1cd0000 - 0x00007ffbf1cf6000 	C:\WINDOWS\SYSTEM32\bcrypt.dll
0x00007ffbf1500000 - 0x00007ffbf150c000 	C:\WINDOWS\SYSTEM32\CRYPTBASE.dll
0x00007ffbb72d0000 - 0x00007ffbb72e8000 	C:\WINDOWS\system32\napinsp.dll
0x00007ffbb72b0000 - 0x00007ffbb72c2000 	C:\WINDOWS\System32\winrnr.dll
0x00007ffbb7270000 - 0x00007ffbb72a0000 	C:\WINDOWS\system32\nlansp_c.dll
0x00007ffbb9270000 - 0x00007ffbb9290000 	C:\WINDOWS\system32\wshbth.dll
0x00007ffbc3f50000 - 0x00007ffbc3f9e000 	C:\WINDOWS\SYSTEM32\pdh.dll

JVMTI agents:
F:\IntelliJ IDEA 2024.3.3\lib\idea_rt.jar path:C:\Program Files\Java\jdk-24\bin\instrument.dll, loaded, initialized, instrumentlib options:53538:F:\IntelliJ IDEA 2024.3.3\bin
C:\Users\maxma\AppData\Local\Temp\idea_libasyncProfiler_dll_temp_folder\libasyncProfiler.dll path:C:\Users\maxma\AppData\Local\Temp\idea_libasyncProfiler_dll_temp_folder\libasyncProfiler.dll, loaded, initialized, options:start,jfr,event=wall,interval=10ms,jfrsync=profile,cstack=no,file=C:\Users\maxma\IdeaSnapshots\InternshipApplication_2025_05_30_105905.jfr,dbghelppath=C:\Users\maxma\AppData\Local\Temp\idea_dbghelp_dll_temp_folder\dbghelp.dll,log=C:\Users\maxma\AppData\Local\Temp\InternshipApplication_2025_05_30_105905.jfr.log.txt,logLevel=DEBUG

dbghelp: loaded successfully - version: 4.0.5 - missing functions: none
symbol engine: initialized successfully - sym options: 0x614 - pdb path: .;C:\Program Files\Java\jdk-24\bin;C:\WINDOWS\SYSTEM32;C:\WINDOWS\WinSxS\amd64_microsoft.windows.common-controls_6595b64144ccf1df_6.0.26100.3912_none_3e07963ce335137e;C:\Program Files\Java\jdk-24\bin\server;C:\Users\maxma\AppData\Local\Temp\idea_libasyncProfiler_dll_temp_folder;F:\IntelliJ IDEA 2024.3.3\bin

VM Arguments:
jvm_args: --enable-native-access=ALL-UNNAMED -XX:TieredStopAtLevel=1 -Dspring.output.ansi.enabled=always -Dcom.sun.management.jmxremote -Dspring.jmx.enabled=true -Dspring.liveBeansView.mbeanDomain -Dspring.application.admin.enabled=true -Dmanagement.endpoints.jmx.exposure.include=* -javaagent:F:\IntelliJ IDEA 2024.3.3\lib\idea_rt.jar=53538:F:\IntelliJ IDEA 2024.3.3\bin -agentpath:C:\Users\maxma\AppData\Local\Temp\idea_libasyncProfiler_dll_temp_folder\libasyncProfiler.dll=start,jfr,event=wall,interval=10ms,jfrsync=profile,cstack=no,file=C:\Users\maxma\IdeaSnapshots\InternshipApplication_2025_05_30_105905.jfr,dbghelppath=C:\Users\maxma\AppData\Local\Temp\idea_dbghelp_dll_temp_folder\dbghelp.dll,log=C:\Users\maxma\AppData\Local\Temp\InternshipApplication_2025_05_30_105905.jfr.log.txt,logLevel=DEBUG -Dfile.encoding=UTF-8 -Dsun.stdout.encoding=UTF-8 -Dsun.stderr.encoding=UTF-8 
java_command: com.example.internshipapplication.InternshipApplication
java_class_path (initial): C:\Users\maxma\IdeaProjects\Internship application\target\classes;C:\Users\maxma\.m2\repository\org\springframework\boot\spring-boot-starter-web\3.5.0\spring-boot-starter-web-3.5.0.jar;C:\Users\maxma\.m2\repository\org\springframework\boot\spring-boot-starter\3.5.0\spring-boot-starter-3.5.0.jar;C:\Users\maxma\.m2\repository\org\springframework\boot\spring-boot-starter-logging\3.5.0\spring-boot-starter-logging-3.5.0.jar;C:\Users\maxma\.m2\repository\ch\qos\logback\logback-classic\1.5.18\logback-classic-1.5.18.jar;C:\Users\maxma\.m2\repository\ch\qos\logback\logback-core\1.5.18\logback-core-1.5.18.jar;C:\Users\maxma\.m2\repository\org\apache\logging\log4j\log4j-to-slf4j\2.24.3\log4j-to-slf4j-2.24.3.jar;C:\Users\maxma\.m2\repository\org\apache\logging\log4j\log4j-api\2.24.3\log4j-api-2.24.3.jar;C:\Users\maxma\.m2\repository\org\slf4j\jul-to-slf4j\2.0.17\jul-to-slf4j-2.0.17.jar;C:\Users\maxma\.m2\repository\jakarta\annotation\jakarta.annotation-api\2.1.1\jakarta.annotation-api-2.1.1.jar;C:\Users\maxma\.m2\repository\org\yaml\snakeyaml\2.4\snakeyaml-2.4.jar;C:\Users\maxma\.m2\repository\org\springframework\boot\spring-boot-starter-json\3.5.0\spring-boot-starter-json-3.5.0.jar;C:\Users\maxma\.m2\repository\com\fasterxml\jackson\core\jackson-databind\2.19.0\jackson-databind-2.19.0.jar;C:\Users\maxma\.m2\repository\com\fasterxml\jackson\core\jackson-annotations\2.19.0\jackson-annotations-2.19.0.jar;C:\Users\maxma\.m2\repository\com\fasterxml\jackson\core\jackson-core\2.19.0\jackson-core-2.19.0.jar;C:\Users\maxma\.m2\repository\com\fasterxml\jackson\datatype\jackson-datatype-jdk8\2.19.0\jackson-datatype-jdk8-2.19.0.jar;C:\Users\maxma\.m2\repository\com\fasterxml\jackson\datatype\jackson-datatype-jsr310\2.19.0\jackson-datatype-jsr310-2.19.0.jar;C:\Users\maxma\.m2\repository\com\fasterxml\jackson\module\jackson-module-parameter-names\2.19.0\jackson-module-parameter-names-2.19.0.jar;C:\Users\maxma\.m2\repository\org\springframework\boot\spring-boot-starter-tomcat\3.5.0\spring-boot-starter-tomcat-3.5.0.jar;C:\Users\maxma\.m2\repository\org\apache\tomcat\embed\tomcat-embed-core\10.1.41\tomcat-embed-core-10.1.41.jar;C:\Users\maxma\.m2\repository\org\apache\tomcat\embed\tomcat-embed-el\10.1.41\tomcat-embed-el-10.1.41.jar;C:\Users\maxma\.m2\repository\org\apache\tomcat\embed\tomcat-embed-websocket\10.1.41\tomcat-embed-websocket-10.1.41.jar;C:\Users\maxma\.m2\repository\org\springframework\spring-web\6.2.7\spring-web-6.2.7.jar;C:\Users\maxma\.m2\repository\org\springframework\spring-beans\6.2.7\spring-beans-6.2.7.jar;C:\Users\maxma\.m2\repository\io\micrometer\micrometer-observation\1.15.0\micrometer-observation-1.15.0.jar;C:\Users\maxma\.m2\repository\io\micrometer\micrometer-commons\1.15.0\micrometer-commons-1.15.0.jar;C:\Users\maxma\.m2\repository\org\springframework\spring-webmvc\6.2.7\spring-webmvc-6.2.7.jar;C:\Users\maxma\.m2\repository\org\springframework\spring-aop\6.2.7\spring-aop-6.2.7.jar;C:\Users\maxma\.m2\repository\org\springframework\spring-context\6.2.7\spring-context-6.2.7.jar;C:\Users\maxma\.m2\repository\org\springframework\spring-expression\6.2.7\spring-expression-6.2.7.jar;C:\Users\maxma\.m2\repository\com\mysql\mysql-connector-j\8.3.0\mysql-connector-j-8.3.0.jar;C:\Users\maxma\.m2\repository\org\springframework\boot\spring-boot-devtools\3.5.0\spring-boot-devtools-3.5.0.jar;C:\Users\maxma\.m2\repository\org\springframework\boot\spring-boot\3.5.0\spring-boot-3.5.0.jar;C:\Users\maxma\.m2\repository\org\springframework\boot\spring-boot-autoconfigure\3.5.0\spring-boot-autoconfigure-3.5.0.jar;C:\Users\maxma\.m2\repository\org\slf4j\slf4j-api\2.0.17\slf4j-api-2.0.17.jar;C:\Users\maxma\.m2\repository\org\springframework\spring-core\6.2.7\spring-core-6.2.7.jar;C:\Users\maxma\.m2\repository\org\springframework\spring-jcl\6.2.7\spring-jcl-6.2.7.jar
Launcher Type: SUN_STANDARD

[Global flags]
     intx CICompilerCount                          = 12                                        {product} {ergonomic}
     uint ConcGCThreads                            = 5                                         {product} {ergonomic}
     bool FlightRecorder                           = true                                      {product} {management}
     uint G1ConcRefinementThreads                  = 18                                        {product} {ergonomic}
   size_t G1HeapRegionSize                         = 4194304                                   {product} {ergonomic}
   size_t InitialHeapSize                          = 524288000                                 {product} {ergonomic}
     bool ManagementServer                         = true                                      {product} {command line}
   size_t MarkStackSize                            = 4194304                                   {product} {ergonomic}
   size_t MarkStackSizeMax                         = 536870912                                 {product} {ergonomic}
   size_t MaxHeapSize                              = 8380219392                                {product} {ergonomic}
   size_t MaxNewSize                               = 5024776192                                {product} {ergonomic}
   size_t MinHeapDeltaBytes                        = 4194304                                   {product} {ergonomic}
   size_t MinHeapSize                              = 8388608                                   {product} {ergonomic}
    uintx NonNMethodCodeHeapSize                   = 4096                                   {pd product} {ergonomic}
    uintx NonProfiledCodeHeapSize                  = 0                                      {pd product} {ergonomic}
     bool ProfileInterpreter                       = false                                  {pd product} {command line}
    uintx ProfiledCodeHeapSize                     = 0                                      {pd product} {ergonomic}
   size_t SoftMaxHeapSize                          = 8380219392                             {manageable} {ergonomic}
     intx TieredStopAtLevel                        = 1                                         {product} {command line}
     bool UseCompressedOops                        = true                           {product lp64_product} {ergonomic}
     bool UseG1GC                                  = true                                      {product} {ergonomic}
     bool UseLargePagesIndividualAllocation        = false                                  {pd product} {ergonomic}

Logging:
Log output configuration:
 #0: stdout all=warning uptime,level,tags foldmultilines=false
 #1: stderr all=off uptime,level,tags foldmultilines=false

Environment Variables:
PATH=C:\Program Files\Common Files\Oracle\Java\javapath;C:\WINDOWS\system32;C:\WINDOWS;C:\WINDOWS\System32\Wbem;C:\WINDOWS\System32\WindowsPowerShell\v1.0\;C:\WINDOWS\System32\OpenSSH\;C:\Program Files\dotnet\;C:\Program Files\NVIDIA Corporation\NVIDIA app\NvDLISR;C:\Program Files (x86)\NVIDIA Corporation\PhysX\Common;C:\Program Files\Git\cmd;C:\Users\maxma\AppData\Local\Microsoft\WindowsApps;C:\Users\maxma\AppData\Local\JetBrains\Toolbox\scripts;;C:\Users\maxma\AppData\Local\Microsoft\WindowsApps;C:\Users\maxma\AppData\Local\Programs\Microsoft VS Code\bin
USERNAME=maxma
OS=Windows_NT
PROCESSOR_IDENTIFIER=AMD64 Family 25 Model 97 Stepping 2, AuthenticAMD
TMP=C:\Users\maxma\AppData\Local\Temp
TEMP=C:\Users\maxma\AppData\Local\Temp




Periodic native trim disabled

---------------  S Y S T E M  ---------------

OS:
 Windows 11 , 64 bit Build 26100 (10.0.26100.3912)
OS uptime: 0 days 1:42 hours

CPU: total 24 (initial active 24) (24 cores per cpu, 2 threads per core) family 25 model 97 stepping 2 microcode 0xa601206, cx8, cmov, fxsr, ht, mmx, 3dnowpref, sse, sse2, sse3, ssse3, sse4a, sse4.1, sse4.2, popcnt, lzcnt, tsc, tscinvbit, avx, avx2, aes, erms, clmul, bmi1, bmi2, adx, avx512f, avx512dq, avx512cd, avx512bw, avx512vl, sha, fma, vzeroupper, avx512_vpopcntdq, avx512_vpclmulqdq, avx512_vaes, avx512_vnni, clflush, clflushopt, avx512_vbmi2, avx512_vbmi, rdtscp, rdpid, fsrm, gfni, avx512_bitalg, f16c, pku, cet_ss, avx512_ifma
Processor Information for the first 24 processors :
  Max Mhz: 4701, Current Mhz: 4701, Mhz Limit: 4701

Memory: 4k page, system-wide physical 31967M (16034M free)
TotalPageFile size 72927M (AvailPageFile size 47918M)
current process WorkingSet (physical memory assigned to process): 95M, peak: 95M
current process commit charge ("private bytes"): 664M, peak: 665M

vm_info: Java HotSpot(TM) 64-Bit Server VM (24.0.1+9-30) for windows-amd64 JRE (24.0.1+9-30), built on 2025-03-05T07:23:45Z with MS VC++ 17.6 (VS2022)

END.
